<?xml version="1.0" encoding="UTF-8"?>
<testsuites name="Testsuite_login" time="41.725" tests="4" failures="0" errors="0">
   <testsuite name="Testsuite_login" tests="4" failures="0" errors="0" time="41.725" skipped="0" timestamp="30-01-2024T23:27:59" hostname="Kyudsar - MSI" id="Test Suites/Testsuite_login">
      <properties>
         <property name="deviceName" value=""/>
         <property name="devicePlatform" value=""/>
         <property name="logFolder" value="C:\\Users\\Kyudsar\\Katalon Studio\\My First Web UI Project\\Reports\\20240130_232750\\Testsuite_login\\20240130_232751"/>
         <property name="logFiles" value="C:\\Users\\Kyudsar\\Katalon Studio\\My First Web UI Project\\Reports\\20240130_232750\\Testsuite_login\\20240130_232751\\execution0.log"/>
         <property name="attachments" value=""/>
         <property name="hostName" value="Kyudsar - MSI"/>
         <property name="os" value="Windows 11 64bit"/>
         <property name="katalonVersion" value="9.2.0.212"/>
         <property name="browser" value="Chrome 120.0.0.0"/>
         <property name="hostAddress" value="192.168.1.10"/>
         <property name="sessionId" value="a17b8fa56ac692399608b8f199825fb4"/>
         <property name="seleniumVersion" value="3.141.59"/>
         <property name="proxyInformation" value="ProxyInformation { proxyOption=NO_PROXY, proxyServerType=HTTP, username=, password=********, proxyServerAddress=, proxyServerPort=0, executionList=&quot;&quot;, isApplyToDesiredCapabilities=true }"/>
         <property name="platform" value="Windows 11"/>
      </properties>
      <testcase name="Test Cases/login/login_empty" time="7.294" classname="Test Cases/login/login_empty" status="PASSED">
         <system-out><![CDATA[30-01-2024T23:27:59 - [TEST_CASE][PASSED] - Test Cases/login/login_empty: Test Cases/login/login_empty

30-01-2024T23:27:59 - [TEST_STEP][PASSED] - openBrowser(""): Browser is opened with url: ''

30-01-2024T23:28:00 - [MESSAGE][INFO] - Starting 'Chrome' driver

30-01-2024T23:28:00 - [MESSAGE][INFO] - Action delay is set to 0 milliseconds

30-01-2024T23:28:02 - [MESSAGE][PASSED] - Browser is opened with url: ''

30-01-2024T23:28:02 - [TEST_STEP][PASSED] - maximizeWindow(): Current window maximized

30-01-2024T23:28:02 - [MESSAGE][PASSED] - Current window maximized

30-01-2024T23:28:02 - [TEST_STEP][PASSED] - navigateToUrl("https://facebook.com"): Navigate to 'https://facebook.com' successfully

30-01-2024T23:28:04 - [MESSAGE][PASSED] - Navigate to 'https://facebook.com' successfully

30-01-2024T23:28:04 - [TEST_STEP][PASSED] - click(findTestObject("login/button_login")): Object: 'Object Repository/login/button_login' is clicked on

30-01-2024T23:28:04 - [MESSAGE][PASSED] - Object: 'Object Repository/login/button_login' is clicked on

30-01-2024T23:28:04 - [TEST_STEP][PASSED] - waitForElementVisible(findTestObject("login/validation_login_empty"), 0): Object 'Object Repository/login/validation_login_empty' is visible

30-01-2024T23:28:05 - [MESSAGE][WARNING] - Timeout '0' is invalid. Using default page load timeout: '30'

30-01-2024T23:28:06 - [MESSAGE][PASSED] - Object 'Object Repository/login/validation_login_empty' is visible

30-01-2024T23:28:06 - [TEST_STEP][PASSED] - verifyElementText(findTestObject("login/validation_login_empty"), "The email address or mobile number you entered isn't connected to an account. Find your account and log in."): Actual text and expected text of test object 'Object Repository/login/validation_login_empty' are matched.

30-01-2024T23:28:06 - [MESSAGE][PASSED] - Actual text and expected text of test object 'Object Repository/login/validation_login_empty' are matched.

30-01-2024T23:28:06 - [TEST_STEP][PASSED] - closeBrowser(): Browser is closed

30-01-2024T23:28:06 - [MESSAGE][PASSED] - Browser is closed]]></system-out>
         <system-err><![CDATA[]]></system-err>
      </testcase>
      <testcase name="Test Cases/login/login_invalid_email" time="10.79" classname="Test Cases/login/login_invalid_email" status="PASSED">
         <system-out><![CDATA[30-01-2024T23:28:06 - [TEST_CASE][PASSED] - Test Cases/login/login_invalid_email: Test Cases/login/login_invalid_email

30-01-2024T23:28:06 - [TEST_STEP][PASSED] - openBrowser(""): Browser is opened with url: ''

30-01-2024T23:28:06 - [MESSAGE][INFO] - Starting 'Chrome' driver

30-01-2024T23:28:06 - [MESSAGE][INFO] - Action delay is set to 0 milliseconds

30-01-2024T23:28:08 - [MESSAGE][PASSED] - Browser is opened with url: ''

30-01-2024T23:28:08 - [TEST_STEP][PASSED] - maximizeWindow(): Current window maximized

30-01-2024T23:28:08 - [MESSAGE][PASSED] - Current window maximized

30-01-2024T23:28:08 - [TEST_STEP][PASSED] - navigateToUrl("https://facebook.com"): Navigate to 'https://facebook.com' successfully

30-01-2024T23:28:09 - [MESSAGE][PASSED] - Navigate to 'https://facebook.com' successfully

30-01-2024T23:28:09 - [TEST_STEP][PASSED] - setText(findTestObject("login/input_email"), "test@test.test"): Text 'test@test.test' is set on object 'Object Repository/login/input_email'

30-01-2024T23:28:10 - [MESSAGE][PASSED] - Text 'test@test.test' is set on object 'Object Repository/login/input_email'

30-01-2024T23:28:10 - [TEST_STEP][PASSED] - setText(findTestObject("login/input_password"), "superuser99$$"): Text 'superuser99$$' is set on object 'Object Repository/login/input_password'

30-01-2024T23:28:11 - [MESSAGE][PASSED] - Text 'superuser99$$' is set on object 'Object Repository/login/input_password'

30-01-2024T23:28:11 - [TEST_STEP][PASSED] - click(findTestObject("login/button_login")): Object: 'Object Repository/login/button_login' is clicked on

30-01-2024T23:28:11 - [MESSAGE][PASSED] - Object: 'Object Repository/login/button_login' is clicked on

30-01-2024T23:28:11 - [TEST_STEP][PASSED] - waitForElementVisible(findTestObject("login/validation_invalid_email"), 0): Object 'Object Repository/login/validation_invalid_email' is visible

30-01-2024T23:28:11 - [MESSAGE][WARNING] - Timeout '0' is invalid. Using default page load timeout: '30'

30-01-2024T23:28:17 - [MESSAGE][PASSED] - Object 'Object Repository/login/validation_invalid_email' is visible

30-01-2024T23:28:17 - [TEST_STEP][PASSED] - verifyElementText(findTestObject("login/validation_invalid_email"), "The email address you entered isn't connected to an account. Find your account and log in."): Actual text and expected text of test object 'Object Repository/login/validation_invalid_email' are matched.

30-01-2024T23:28:17 - [MESSAGE][PASSED] - Actual text and expected text of test object 'Object Repository/login/validation_invalid_email' are matched.

30-01-2024T23:28:17 - [TEST_STEP][PASSED] - closeBrowser(): Browser is closed

30-01-2024T23:28:17 - [MESSAGE][PASSED] - Browser is closed]]></system-out>
         <system-err><![CDATA[]]></system-err>
      </testcase>
      <testcase name="Test Cases/login/login_invalid_password" time="10.889" classname="Test Cases/login/login_invalid_password" status="PASSED">
         <system-out><![CDATA[30-01-2024T23:28:17 - [TEST_CASE][PASSED] - Test Cases/login/login_invalid_password: Test Cases/login/login_invalid_password

30-01-2024T23:28:17 - [TEST_STEP][PASSED] - openBrowser(""): Browser is opened with url: ''

30-01-2024T23:28:17 - [MESSAGE][INFO] - Starting 'Chrome' driver

30-01-2024T23:28:17 - [MESSAGE][INFO] - Action delay is set to 0 milliseconds

30-01-2024T23:28:18 - [MESSAGE][PASSED] - Browser is opened with url: ''

30-01-2024T23:28:18 - [TEST_STEP][PASSED] - maximizeWindow(): Current window maximized

30-01-2024T23:28:18 - [MESSAGE][PASSED] - Current window maximized

30-01-2024T23:28:18 - [TEST_STEP][PASSED] - navigateToUrl("https://facebook.com"): Navigate to 'https://facebook.com' successfully

30-01-2024T23:28:20 - [MESSAGE][PASSED] - Navigate to 'https://facebook.com' successfully

30-01-2024T23:28:20 - [TEST_STEP][PASSED] - setText(findTestObject("login/input_email"), "dwiaranda31@gmail.com"): Text 'dwiaranda31@gmail.com' is set on object 'Object Repository/login/input_email'

30-01-2024T23:28:20 - [MESSAGE][PASSED] - Text 'dwiaranda31@gmail.com' is set on object 'Object Repository/login/input_email'

30-01-2024T23:28:20 - [TEST_STEP][PASSED] - setText(findTestObject("login/input_password"), "abcdefghijkl123"): Text 'abcdefghijkl123' is set on object 'Object Repository/login/input_password'

30-01-2024T23:28:21 - [MESSAGE][PASSED] - Text 'abcdefghijkl123' is set on object 'Object Repository/login/input_password'

30-01-2024T23:28:21 - [TEST_STEP][PASSED] - click(findTestObject("login/button_login")): Object: 'Object Repository/login/button_login' is clicked on

30-01-2024T23:28:22 - [MESSAGE][PASSED] - Object: 'Object Repository/login/button_login' is clicked on

30-01-2024T23:28:22 - [TEST_STEP][PASSED] - waitForElementVisible(findTestObject("login/validation_invalid_password"), 0): Object 'Object Repository/login/validation_invalid_password' is visible

30-01-2024T23:28:22 - [MESSAGE][WARNING] - Timeout '0' is invalid. Using default page load timeout: '30'

30-01-2024T23:28:27 - [MESSAGE][PASSED] - Object 'Object Repository/login/validation_invalid_password' is visible

30-01-2024T23:28:27 - [TEST_STEP][PASSED] - verifyElementText(findTestObject("login/validation_invalid_password"), "The password that you've entered is incorrect. Forgotten password?"): Actual text and expected text of test object 'Object Repository/login/validation_invalid_password' are matched.

30-01-2024T23:28:28 - [MESSAGE][PASSED] - Actual text and expected text of test object 'Object Repository/login/validation_invalid_password' are matched.

30-01-2024T23:28:28 - [TEST_STEP][PASSED] - closeBrowser(): Browser is closed

30-01-2024T23:28:28 - [MESSAGE][PASSED] - Browser is closed]]></system-out>
         <system-err><![CDATA[]]></system-err>
      </testcase>
      <testcase name="Test Cases/login/login_success" time="12.432" classname="Test Cases/login/login_success" status="PASSED">
         <system-out><![CDATA[30-01-2024T23:28:28 - [TEST_CASE][PASSED] - Test Cases/login/login_success: Test Cases/login/login_success

30-01-2024T23:28:28 - [TEST_STEP][PASSED] - openBrowser(""): Browser is opened with url: ''

30-01-2024T23:28:28 - [MESSAGE][INFO] - Starting 'Chrome' driver

30-01-2024T23:28:28 - [MESSAGE][INFO] - Action delay is set to 0 milliseconds

30-01-2024T23:28:29 - [MESSAGE][PASSED] - Browser is opened with url: ''

30-01-2024T23:28:29 - [TEST_STEP][PASSED] - maximizeWindow(): Current window maximized

30-01-2024T23:28:29 - [MESSAGE][PASSED] - Current window maximized

30-01-2024T23:28:29 - [TEST_STEP][PASSED] - navigateToUrl("https://facebook.com"): Navigate to 'https://facebook.com' successfully

30-01-2024T23:28:30 - [MESSAGE][PASSED] - Navigate to 'https://facebook.com' successfully

30-01-2024T23:28:30 - [TEST_STEP][PASSED] - setText(findTestObject("login/input_email"), "satu.akun.dumm@gmail.com"): Text 'satu.akun.dumm@gmail.com' is set on object 'Object Repository/login/input_email'

30-01-2024T23:28:31 - [MESSAGE][PASSED] - Text 'satu.akun.dumm@gmail.com' is set on object 'Object Repository/login/input_email'

30-01-2024T23:28:31 - [TEST_STEP][PASSED] - setText(findTestObject("login/input_password"), "superuser99$$"): Text 'superuser99$$' is set on object 'Object Repository/login/input_password'

30-01-2024T23:28:32 - [MESSAGE][PASSED] - Text 'superuser99$$' is set on object 'Object Repository/login/input_password'

30-01-2024T23:28:32 - [TEST_STEP][PASSED] - click(findTestObject("login/button_login")): Object: 'Object Repository/login/button_login' is clicked on

30-01-2024T23:28:33 - [MESSAGE][PASSED] - Object: 'Object Repository/login/button_login' is clicked on

30-01-2024T23:28:33 - [TEST_STEP][PASSED] - waitForElementVisible(findTestObject("login/facebook_name"), 0): Object 'Object Repository/login/facebook_name' is visible

30-01-2024T23:28:33 - [MESSAGE][WARNING] - Timeout '0' is invalid. Using default page load timeout: '30'

30-01-2024T23:28:38 - [MESSAGE][PASSED] - Object 'Object Repository/login/facebook_name' is visible

30-01-2024T23:28:38 - [TEST_STEP][PASSED] - verifyElementVisible(findTestObject("login/facebook_name")): Object 'Object Repository/login/facebook_name' is visible

30-01-2024T23:28:38 - [MESSAGE][PASSED] - Object 'Object Repository/login/facebook_name' is visible

30-01-2024T23:28:38 - [TEST_STEP][PASSED] - verifyElementVisible(findTestObject("login/welcome_fb")): Object 'Object Repository/login/welcome_fb' is visible

30-01-2024T23:28:39 - [MESSAGE][PASSED] - Object 'Object Repository/login/welcome_fb' is visible

30-01-2024T23:28:39 - [TEST_STEP][PASSED] - verifyElementVisible(findTestObject("login/find_people")): Object 'Object Repository/login/find_people' is visible

30-01-2024T23:28:39 - [MESSAGE][PASSED] - Object 'Object Repository/login/find_people' is visible

30-01-2024T23:28:39 - [TEST_STEP][PASSED] - verifyElementVisible(findTestObject("login/upload_profile_picture")): Object 'Object Repository/login/upload_profile_picture' is visible

30-01-2024T23:28:40 - [MESSAGE][PASSED] - Object 'Object Repository/login/upload_profile_picture' is visible

30-01-2024T23:28:40 - [TEST_STEP][PASSED] - verifyElementVisible(findTestObject("login/privacy_setting")): Object 'Object Repository/login/privacy_setting' is visible

30-01-2024T23:28:40 - [MESSAGE][PASSED] - Object 'Object Repository/login/privacy_setting' is visible

30-01-2024T23:28:40 - [TEST_STEP][PASSED] - closeBrowser(): Browser is closed

30-01-2024T23:28:40 - [MESSAGE][PASSED] - Browser is closed]]></system-out>
         <system-err><![CDATA[]]></system-err>
      </testcase>
      <system-out><![CDATA[30-01-2024T23:27:59 - [TEST_SUITE][PASSED] - Testsuite_login: Test Cases/login/login_success]]></system-out>
      <system-err><![CDATA[]]></system-err>
   </testsuite>
</testsuites>
